<?xml version="1.0" encoding="UTF-8"?>
<testng-results skipped="0" failed="0" total="0" passed="0">
  <reporter-output>
  </reporter-output>
  <suite name="com.k2js.CucumberBasics.AppTest" duration-ms="2" started-at="2019-09-09T05:16:51Z" finished-at="2019-09-09T05:16:51Z">
    <groups>
    </groups>
    <test name="Command line test" duration-ms="2" started-at="2019-09-09T05:16:51Z" finished-at="2019-09-09T05:16:51Z">
    </test> <!-- Command line test -->
  </suite> <!-- com.k2js.CucumberBasics.AppTest -->
</testng-results>
